app/build/intermediates/manifest_merge_blame_file/debug/manifest-merger-blame-debug-report.txt
1<?xml version="1.0" encoding="utf-8"?>
2<manifest xmlns:android="http://schemas.android.com/apk/res/android"
3    package="com.example.chat"
4    android:versionCode="1"
5    android:versionName="1.0" >
6
7    <uses-sdk
8        android:minSdkVersion="22"
8-->src/main/AndroidManifest.xml
9        android:targetSdkVersion="29" />
9-->src/main/AndroidManifest.xml
10
11    <application
11-->src/main/AndroidManifest.xml:5:5-24:19
12        android:allowBackup="true"
12-->src/main/AndroidManifest.xml:6:9-35
13        android:appComponentFactory="androidx.core.app.CoreComponentFactory"
13-->[androidx.core:core:1.1.0] AndroidManifest.xml:24:18-86
14        android:debuggable="true"
15        android:icon="@mipmap/ic_launcher"
15-->src/main/AndroidManifest.xml:7:9-43
16        android:label="@string/app_name"
16-->src/main/AndroidManifest.xml:8:9-41
17        android:roundIcon="@mipmap/ic_launcher_round"
17-->src/main/AndroidManifest.xml:9:9-54
18        android:supportsRtl="true"
18-->src/main/AndroidManifest.xml:10:9-35
19        android:testOnly="true"
20        android:theme="@style/AppTheme" >
20-->src/main/AndroidManifest.xml:11:9-40
21        <activity android:name="com.example.chat.RegisterActivity" />
21-->src/main/AndroidManifest.xml:12:9-63
21-->src/main/AndroidManifest.xml:12:19-51
22        <activity android:name="com.example.chat.LoginActivity" />
22-->src/main/AndroidManifest.xml:13:9-51
22-->src/main/AndroidManifest.xml:13:19-48
23        <activity
23-->src/main/AndroidManifest.xml:14:9-23:20
24            android:name="com.example.chat.MainActivity"
24-->src/main/AndroidManifest.xml:15:13-41
25            android:label="@string/app_name"
25-->src/main/AndroidManifest.xml:16:13-45
26            android:theme="@style/AppTheme.NoActionBar" >
26-->src/main/AndroidManifest.xml:17:13-56
27            <intent-filter>
27-->src/main/AndroidManifest.xml:18:13-22:29
28                <action android:name="android.intent.action.MAIN" />
28-->src/main/AndroidManifest.xml:19:17-69
28-->src/main/AndroidManifest.xml:19:25-66
29
30                <category android:name="android.intent.category.LAUNCHER" />
30-->src/main/AndroidManifest.xml:21:17-77
30-->src/main/AndroidManifest.xml:21:27-74
31            </intent-filter>
32        </activity>
33
34        <provider
34-->[androidx.lifecycle:lifecycle-process:2.1.0] AndroidManifest.xml:23:9-27:43
35            android:name="androidx.lifecycle.ProcessLifecycleOwnerInitializer"
35-->[androidx.lifecycle:lifecycle-process:2.1.0] AndroidManifest.xml:24:13-79
36            android:authorities="com.example.chat.lifecycle-process"
36-->[androidx.lifecycle:lifecycle-process:2.1.0] AndroidManifest.xml:25:13-69
37            android:exported="false"
37-->[androidx.lifecycle:lifecycle-process:2.1.0] AndroidManifest.xml:26:13-37
38            android:multiprocess="true" />
38-->[androidx.lifecycle:lifecycle-process:2.1.0] AndroidManifest.xml:27:13-40
39    </application>
40
41</manifest>